<?xml version="1.0" encoding="UTF-8"?>
<!-- Generated by org.testng.reporters.JUnitXMLReporter -->
<testsuite ignored="0" hostname="Shumson" failures="0" tests="3" name="Default test" time="112.264" errors="0" timestamp="2024-12-29T10:04:41 EST">
  <testcase classname="action.Varification" name="webElement" time="46.016"/>
  <testcase classname="action.Action" name="actionTest" time="41.275"/>
  <testcase classname="action.AlertPopUp" name="popUpElement" time="24.714"/>
</testsuite> <!-- Default test -->
