<?xml version="1.0" encoding="UTF-8"?>
<testng-results ignored="0" total="3" passed="3" failed="0" skipped="0">
  <reporter-output>
  </reporter-output>
  <suite started-at="2024-12-29T10:02:49 EST" name="Default suite" finished-at="2024-12-29T10:04:41 EST" duration-ms="112264">
    <groups>
    </groups>
    <test started-at="2024-12-29T10:02:49 EST" name="Default test" finished-at="2024-12-29T10:04:41 EST" duration-ms="112264">
      <class name="action.Varification">
        <test-method signature="webElement()[pri:0, instance:action.Varification@26d9b808]" started-at="2024-12-29T10:02:49 EST" name="webElement" finished-at="2024-12-29T10:03:35 EST" duration-ms="46016" status="PASS">
          <reporter-output>
          </reporter-output>
        </test-method> <!-- webElement -->
      </class> <!-- action.Varification -->
      <class name="action.Action">
        <test-method signature="actionTest()[pri:0, instance:action.Action@470734c3]" started-at="2024-12-29T10:03:35 EST" name="actionTest" finished-at="2024-12-29T10:04:16 EST" duration-ms="41275" status="PASS">
          <reporter-output>
          </reporter-output>
        </test-method> <!-- actionTest -->
      </class> <!-- action.Action -->
      <class name="action.AlertPopUp">
        <test-method signature="popUpElement()[pri:0, instance:action.AlertPopUp@2cf3d63b]" started-at="2024-12-29T10:04:16 EST" name="popUpElement" finished-at="2024-12-29T10:04:41 EST" duration-ms="24714" status="PASS">
          <reporter-output>
          </reporter-output>
        </test-method> <!-- popUpElement -->
      </class> <!-- action.AlertPopUp -->
    </test> <!-- Default test -->
  </suite> <!-- Default suite -->
</testng-results>
